<?xml version="1.0" encoding="UTF-8"?>
<!-- Generated by org.testng.reporters.JUnitReportReporter -->
<testsuite hostname="Vedikas-MacBook-Pro.local" failures="0" tests="1" name="restassured.PostTest" time="1.107" errors="0" timestamp="13 Jul 2018 21:02:46 GMT">
  <testcase classname="restassured.PostTest" name="testCaseInitialization" time="1.107"/>
</testsuite> <!-- restassured.PostTest -->
